[2023-12-12 04:09:42,266] {taskinstance.py:1179} INFO - Dependencies all met for <TaskInstance: OpenWeather_ETL.extraer_data manual__2023-12-12T04:09:33.823825+00:00 [queued]>
[2023-12-12 04:09:42,302] {taskinstance.py:1179} INFO - Dependencies all met for <TaskInstance: OpenWeather_ETL.extraer_data manual__2023-12-12T04:09:33.823825+00:00 [queued]>
[2023-12-12 04:09:42,303] {taskinstance.py:1376} INFO - 
--------------------------------------------------------------------------------
[2023-12-12 04:09:42,305] {taskinstance.py:1377} INFO - Starting attempt 1 of 6
[2023-12-12 04:09:42,306] {taskinstance.py:1378} INFO - 
--------------------------------------------------------------------------------
[2023-12-12 04:09:42,414] {taskinstance.py:1397} INFO - Executing <Task(PythonOperator): extraer_data> on 2023-12-12 04:09:33.823825+00:00
[2023-12-12 04:09:42,439] {standard_task_runner.py:52} INFO - Started process 453 to run task
[2023-12-12 04:09:42,496] {standard_task_runner.py:79} INFO - Running: ['***', 'tasks', 'run', 'OpenWeather_ETL', 'extraer_data', 'manual__2023-12-12T04:09:33.823825+00:00', '--job-id', '4', '--raw', '--subdir', 'DAGS_FOLDER/ETL_OpenWeather.py', '--cfg-path', '/tmp/tmp98b_q475', '--error-file', '/tmp/tmprtti62bx']
[2023-12-12 04:09:42,503] {standard_task_runner.py:80} INFO - Job 4: Subtask extraer_data
[2023-12-12 04:09:43,214] {task_command.py:371} INFO - Running <TaskInstance: OpenWeather_ETL.extraer_data manual__2023-12-12T04:09:33.823825+00:00 [running]> on host 9ceec7b750bf
[2023-12-12 04:09:43,992] {logging_mixin.py:115} WARNING - /home/***/.local/lib/python3.7/site-packages/***/utils/context.py:202 AirflowContextDeprecationWarning: Accessing 'execution_date' from the template is deprecated and will be removed in a future version. Please use 'data_interval_start' or 'logical_date' instead.
[2023-12-12 04:09:45,167] {taskinstance.py:1591} INFO - Exporting the following env vars:
AIRFLOW_CTX_DAG_OWNER=Furtado_Julio
AIRFLOW_CTX_DAG_ID=OpenWeather_ETL
AIRFLOW_CTX_TASK_ID=extraer_data
AIRFLOW_CTX_EXECUTION_DATE=2023-12-12T04:09:33.823825+00:00
AIRFLOW_CTX_TRY_NUMBER=1
AIRFLOW_CTX_DAG_RUN_ID=manual__2023-12-12T04:09:33.823825+00:00
[2023-12-12 04:09:45,201] {logging_mixin.py:115} INFO - Adquiriendo data para la fecha: 2023-12-12 4
[2023-12-12 04:09:47,165] {logging_mixin.py:115} INFO - Datos adquiridos!
[2023-12-12 04:09:47,295] {python.py:173} INFO - Done. Returned value was: None
[2023-12-12 04:09:47,760] {taskinstance.py:1420} INFO - Marking task as SUCCESS. dag_id=OpenWeather_ETL, task_id=extraer_data, execution_date=20231212T040933, start_date=20231212T040942, end_date=20231212T040947
[2023-12-12 04:09:48,239] {local_task_job.py:156} INFO - Task exited with return code 0
[2023-12-12 04:09:49,254] {local_task_job.py:273} INFO - 0 downstream tasks scheduled from follow-on schedule check
