[2023-12-20 00:36:25,543] {taskinstance.py:1179} INFO - Dependencies all met for <TaskInstance: OpenWeather_ETL.extraer_data scheduled__2023-12-12T00:00:00+00:00 [queued]>
[2023-12-20 00:36:25,586] {taskinstance.py:1179} INFO - Dependencies all met for <TaskInstance: OpenWeather_ETL.extraer_data scheduled__2023-12-12T00:00:00+00:00 [queued]>
[2023-12-20 00:36:25,587] {taskinstance.py:1376} INFO - 
--------------------------------------------------------------------------------
[2023-12-20 00:36:25,588] {taskinstance.py:1377} INFO - Starting attempt 1 of 6
[2023-12-20 00:36:25,598] {taskinstance.py:1378} INFO - 
--------------------------------------------------------------------------------
[2023-12-20 00:36:25,766] {taskinstance.py:1397} INFO - Executing <Task(PythonOperator): extraer_data> on 2023-12-12 00:00:00+00:00
[2023-12-20 00:36:25,796] {standard_task_runner.py:52} INFO - Started process 179 to run task
[2023-12-20 00:36:25,858] {standard_task_runner.py:79} INFO - Running: ['***', 'tasks', 'run', 'OpenWeather_ETL', 'extraer_data', 'scheduled__2023-12-12T00:00:00+00:00', '--job-id', '55', '--raw', '--subdir', 'DAGS_FOLDER/ETL_OpenWeather.py', '--cfg-path', '/tmp/tmpmi7zu5_f', '--error-file', '/tmp/tmpftf_ethd']
[2023-12-20 00:36:25,888] {standard_task_runner.py:80} INFO - Job 55: Subtask extraer_data
[2023-12-20 00:36:26,488] {task_command.py:371} INFO - Running <TaskInstance: OpenWeather_ETL.extraer_data scheduled__2023-12-12T00:00:00+00:00 [running]> on host 44a36bef83ad
[2023-12-20 00:36:26,799] {logging_mixin.py:115} WARNING - /home/***/.local/lib/python3.7/site-packages/***/utils/context.py:202 AirflowContextDeprecationWarning: Accessing 'execution_date' from the template is deprecated and will be removed in a future version. Please use 'data_interval_start' or 'logical_date' instead.
[2023-12-20 00:36:27,237] {taskinstance.py:1591} INFO - Exporting the following env vars:
AIRFLOW_CTX_DAG_OWNER=Furtado_Julio
AIRFLOW_CTX_DAG_ID=OpenWeather_ETL
AIRFLOW_CTX_TASK_ID=extraer_data
AIRFLOW_CTX_EXECUTION_DATE=2023-12-12T00:00:00+00:00
AIRFLOW_CTX_TRY_NUMBER=1
AIRFLOW_CTX_DAG_RUN_ID=scheduled__2023-12-12T00:00:00+00:00
[2023-12-20 00:36:27,241] {logging_mixin.py:115} INFO - Adquiriendo data para la fecha: 2023-12-12 0
[2023-12-20 00:36:28,485] {logging_mixin.py:115} INFO - Datos adquiridos!
[2023-12-20 00:36:28,504] {python.py:173} INFO - Done. Returned value was: None
[2023-12-20 00:36:28,594] {taskinstance.py:1420} INFO - Marking task as SUCCESS. dag_id=OpenWeather_ETL, task_id=extraer_data, execution_date=20231212T000000, start_date=20231220T003625, end_date=20231220T003628
[2023-12-20 00:36:28,686] {local_task_job.py:156} INFO - Task exited with return code 0
[2023-12-20 00:36:28,911] {local_task_job.py:273} INFO - 1 downstream tasks scheduled from follow-on schedule check
