[2023-12-27 14:53:57,950] {taskinstance.py:1179} INFO - Dependencies all met for <TaskInstance: dag_smtp_email_fin_mundo.dag_envio_fin_mundo manual__2023-12-27T14:53:55.187128+00:00 [queued]>
[2023-12-27 14:53:58,114] {taskinstance.py:1179} INFO - Dependencies all met for <TaskInstance: dag_smtp_email_fin_mundo.dag_envio_fin_mundo manual__2023-12-27T14:53:55.187128+00:00 [queued]>
[2023-12-27 14:53:58,115] {taskinstance.py:1376} INFO - 
--------------------------------------------------------------------------------
[2023-12-27 14:53:58,117] {taskinstance.py:1377} INFO - Starting attempt 1 of 1
[2023-12-27 14:53:58,118] {taskinstance.py:1378} INFO - 
--------------------------------------------------------------------------------
[2023-12-27 14:53:58,191] {taskinstance.py:1397} INFO - Executing <Task(PythonOperator): dag_envio_fin_mundo> on 2023-12-27 14:53:55.187128+00:00
[2023-12-27 14:53:58,203] {standard_task_runner.py:52} INFO - Started process 889 to run task
[2023-12-27 14:53:58,219] {standard_task_runner.py:79} INFO - Running: ['***', 'tasks', 'run', 'dag_smtp_email_fin_mundo', 'dag_envio_fin_mundo', 'manual__2023-12-27T14:53:55.187128+00:00', '--job-id', '73', '--raw', '--subdir', 'DAGS_FOLDER/DAG_EmailTest.py', '--cfg-path', '/tmp/tmphxctup4n', '--error-file', '/tmp/tmpum1nom3b']
[2023-12-27 14:53:58,224] {standard_task_runner.py:80} INFO - Job 73: Subtask dag_envio_fin_mundo
[2023-12-27 14:53:58,702] {task_command.py:371} INFO - Running <TaskInstance: dag_smtp_email_fin_mundo.dag_envio_fin_mundo manual__2023-12-27T14:53:55.187128+00:00 [running]> on host 44a36bef83ad
[2023-12-27 14:53:59,775] {taskinstance.py:1591} INFO - Exporting the following env vars:
AIRFLOW_CTX_DAG_OWNER=JulioFurtado
AIRFLOW_CTX_DAG_ID=dag_smtp_email_fin_mundo
AIRFLOW_CTX_TASK_ID=dag_envio_fin_mundo
AIRFLOW_CTX_EXECUTION_DATE=2023-12-27T14:53:55.187128+00:00
AIRFLOW_CTX_TRY_NUMBER=1
AIRFLOW_CTX_DAG_RUN_ID=manual__2023-12-27T14:53:55.187128+00:00
[2023-12-27 14:54:03,147] {logging_mixin.py:115} INFO - Exito
[2023-12-27 14:54:03,148] {python.py:173} INFO - Done. Returned value was: None
[2023-12-27 14:54:03,234] {taskinstance.py:1420} INFO - Marking task as SUCCESS. dag_id=dag_smtp_email_fin_mundo, task_id=dag_envio_fin_mundo, execution_date=20231227T145355, start_date=20231227T145357, end_date=20231227T145403
[2023-12-27 14:54:03,370] {local_task_job.py:156} INFO - Task exited with return code 0
[2023-12-27 14:54:03,540] {local_task_job.py:273} INFO - 0 downstream tasks scheduled from follow-on schedule check
