[2023-12-28 14:56:37,434] {taskinstance.py:1179} INFO - Dependencies all met for <TaskInstance: OpenWeather_ETL2.envio_mail scheduled__2023-12-27T00:00:00+00:00 [queued]>
[2023-12-28 14:56:37,465] {taskinstance.py:1179} INFO - Dependencies all met for <TaskInstance: OpenWeather_ETL2.envio_mail scheduled__2023-12-27T00:00:00+00:00 [queued]>
[2023-12-28 14:56:37,466] {taskinstance.py:1376} INFO - 
--------------------------------------------------------------------------------
[2023-12-28 14:56:37,467] {taskinstance.py:1377} INFO - Starting attempt 1 of 6
[2023-12-28 14:56:37,468] {taskinstance.py:1378} INFO - 
--------------------------------------------------------------------------------
[2023-12-28 14:56:37,504] {taskinstance.py:1397} INFO - Executing <Task(PythonOperator): envio_mail> on 2023-12-27 00:00:00+00:00
[2023-12-28 14:56:37,514] {standard_task_runner.py:52} INFO - Started process 1101 to run task
[2023-12-28 14:56:37,523] {standard_task_runner.py:79} INFO - Running: ['***', 'tasks', 'run', 'OpenWeather_ETL2', 'envio_mail', 'scheduled__2023-12-27T00:00:00+00:00', '--job-id', '15', '--raw', '--subdir', 'DAGS_FOLDER/ETL_OpenWeather2.py', '--cfg-path', '/tmp/tmpyozc70lg', '--error-file', '/tmp/tmpzu54k4yn']
[2023-12-28 14:56:37,527] {standard_task_runner.py:80} INFO - Job 15: Subtask envio_mail
[2023-12-28 14:56:37,690] {task_command.py:371} INFO - Running <TaskInstance: OpenWeather_ETL2.envio_mail scheduled__2023-12-27T00:00:00+00:00 [running]> on host 98dcb739da71
[2023-12-28 14:56:37,909] {taskinstance.py:1591} INFO - Exporting the following env vars:
AIRFLOW_CTX_DAG_OWNER=Furtado_Julio
AIRFLOW_CTX_DAG_ID=OpenWeather_ETL2
AIRFLOW_CTX_TASK_ID=envio_mail
AIRFLOW_CTX_EXECUTION_DATE=2023-12-27T00:00:00+00:00
AIRFLOW_CTX_TRY_NUMBER=1
AIRFLOW_CTX_DAG_RUN_ID=scheduled__2023-12-27T00:00:00+00:00
[2023-12-28 14:56:40,695] {logging_mixin.py:115} INFO - Exito
[2023-12-28 14:56:40,699] {python.py:173} INFO - Done. Returned value was: None
[2023-12-28 14:56:40,811] {taskinstance.py:1420} INFO - Marking task as SUCCESS. dag_id=OpenWeather_ETL2, task_id=envio_mail, execution_date=20231227T000000, start_date=20231228T145637, end_date=20231228T145640
[2023-12-28 14:56:40,886] {local_task_job.py:156} INFO - Task exited with return code 0
[2023-12-28 14:56:40,987] {local_task_job.py:273} INFO - 0 downstream tasks scheduled from follow-on schedule check
