[2023-12-20 00:36:53,829] {taskinstance.py:1179} INFO - Dependencies all met for <TaskInstance: OpenWeather_ETL.cargar_data scheduled__2023-12-19T00:00:00+00:00 [queued]>
[2023-12-20 00:36:54,055] {taskinstance.py:1179} INFO - Dependencies all met for <TaskInstance: OpenWeather_ETL.cargar_data scheduled__2023-12-19T00:00:00+00:00 [queued]>
[2023-12-20 00:36:54,063] {taskinstance.py:1376} INFO - 
--------------------------------------------------------------------------------
[2023-12-20 00:36:54,071] {taskinstance.py:1377} INFO - Starting attempt 1 of 6
[2023-12-20 00:36:54,076] {taskinstance.py:1378} INFO - 
--------------------------------------------------------------------------------
[2023-12-20 00:36:54,363] {taskinstance.py:1397} INFO - Executing <Task(PythonOperator): cargar_data> on 2023-12-19 00:00:00+00:00
[2023-12-20 00:36:54,421] {standard_task_runner.py:52} INFO - Started process 207 to run task
[2023-12-20 00:36:54,544] {standard_task_runner.py:79} INFO - Running: ['***', 'tasks', 'run', 'OpenWeather_ETL', 'cargar_data', 'scheduled__2023-12-19T00:00:00+00:00', '--job-id', '61', '--raw', '--subdir', 'DAGS_FOLDER/ETL_OpenWeather.py', '--cfg-path', '/tmp/tmpuwy660ae', '--error-file', '/tmp/tmpfi20ak5s']
[2023-12-20 00:36:54,562] {standard_task_runner.py:80} INFO - Job 61: Subtask cargar_data
[2023-12-20 00:36:55,756] {task_command.py:371} INFO - Running <TaskInstance: OpenWeather_ETL.cargar_data scheduled__2023-12-19T00:00:00+00:00 [running]> on host 44a36bef83ad
[2023-12-20 00:36:56,623] {logging_mixin.py:115} WARNING - /home/***/.local/lib/python3.7/site-packages/***/utils/context.py:202 AirflowContextDeprecationWarning: Accessing 'execution_date' from the template is deprecated and will be removed in a future version. Please use 'data_interval_start' or 'logical_date' instead.
[2023-12-20 00:36:57,210] {taskinstance.py:1591} INFO - Exporting the following env vars:
AIRFLOW_CTX_DAG_OWNER=Furtado_Julio
AIRFLOW_CTX_DAG_ID=OpenWeather_ETL
AIRFLOW_CTX_TASK_ID=cargar_data
AIRFLOW_CTX_EXECUTION_DATE=2023-12-19T00:00:00+00:00
AIRFLOW_CTX_TRY_NUMBER=1
AIRFLOW_CTX_DAG_RUN_ID=scheduled__2023-12-19T00:00:00+00:00
[2023-12-20 00:36:57,236] {logging_mixin.py:115} INFO - Cargando la data para la fecha: 2023-12-19 0
[2023-12-20 00:36:57,519] {logging_mixin.py:115} INFO - (1, 18)
[2023-12-20 00:36:57,928] {logging_mixin.py:115} INFO -                     dt          name  ...         sunrise_time          sunset_time
0  2023-12-19 21:34:33  Buenos Aires  ...  2023-12-19 05:36:19  2023-12-19 20:04:39

[1 rows x 18 columns]
[2023-12-20 00:37:09,817] {logging_mixin.py:115} INFO - Carga completada en Redshift!
[2023-12-20 00:37:09,825] {python.py:173} INFO - Done. Returned value was: None
[2023-12-20 00:37:09,931] {taskinstance.py:1420} INFO - Marking task as SUCCESS. dag_id=OpenWeather_ETL, task_id=cargar_data, execution_date=20231219T000000, start_date=20231220T003653, end_date=20231220T003709
[2023-12-20 00:37:10,063] {local_task_job.py:156} INFO - Task exited with return code 0
[2023-12-20 00:37:10,283] {local_task_job.py:273} INFO - 0 downstream tasks scheduled from follow-on schedule check
