[2023-12-27 16:03:40,524] {taskinstance.py:1179} INFO - Dependencies all met for <TaskInstance: OpenWeather_ETL2.envio_mail manual__2023-12-27T16:03:17.446893+00:00 [queued]>
[2023-12-27 16:03:40,549] {taskinstance.py:1179} INFO - Dependencies all met for <TaskInstance: OpenWeather_ETL2.envio_mail manual__2023-12-27T16:03:17.446893+00:00 [queued]>
[2023-12-27 16:03:40,550] {taskinstance.py:1376} INFO - 
--------------------------------------------------------------------------------
[2023-12-27 16:03:40,551] {taskinstance.py:1377} INFO - Starting attempt 1 of 6
[2023-12-27 16:03:40,552] {taskinstance.py:1378} INFO - 
--------------------------------------------------------------------------------
[2023-12-27 16:03:40,585] {taskinstance.py:1397} INFO - Executing <Task(PythonOperator): envio_mail> on 2023-12-27 16:03:17.446893+00:00
[2023-12-27 16:03:40,594] {standard_task_runner.py:52} INFO - Started process 5685 to run task
[2023-12-27 16:03:40,602] {standard_task_runner.py:79} INFO - Running: ['***', 'tasks', 'run', 'OpenWeather_ETL2', 'envio_mail', 'manual__2023-12-27T16:03:17.446893+00:00', '--job-id', '89', '--raw', '--subdir', 'DAGS_FOLDER/ETL_OpenWeather2.py', '--cfg-path', '/tmp/tmp2dzdylo2', '--error-file', '/tmp/tmpzfn9_vgw']
[2023-12-27 16:03:40,605] {standard_task_runner.py:80} INFO - Job 89: Subtask envio_mail
[2023-12-27 16:03:40,795] {task_command.py:371} INFO - Running <TaskInstance: OpenWeather_ETL2.envio_mail manual__2023-12-27T16:03:17.446893+00:00 [running]> on host 44a36bef83ad
[2023-12-27 16:03:41,117] {taskinstance.py:1591} INFO - Exporting the following env vars:
AIRFLOW_CTX_DAG_OWNER=Furtado_Julio
AIRFLOW_CTX_DAG_ID=OpenWeather_ETL2
AIRFLOW_CTX_TASK_ID=envio_mail
AIRFLOW_CTX_EXECUTION_DATE=2023-12-27T16:03:17.446893+00:00
AIRFLOW_CTX_TRY_NUMBER=1
AIRFLOW_CTX_DAG_RUN_ID=manual__2023-12-27T16:03:17.446893+00:00
[2023-12-27 16:03:44,136] {logging_mixin.py:115} INFO - Exito
[2023-12-27 16:03:44,138] {python.py:173} INFO - Done. Returned value was: None
[2023-12-27 16:03:44,188] {taskinstance.py:1420} INFO - Marking task as SUCCESS. dag_id=OpenWeather_ETL2, task_id=envio_mail, execution_date=20231227T160317, start_date=20231227T160340, end_date=20231227T160344
[2023-12-27 16:03:44,282] {local_task_job.py:156} INFO - Task exited with return code 0
[2023-12-27 16:03:44,382] {local_task_job.py:273} INFO - 0 downstream tasks scheduled from follow-on schedule check
