[2023-12-27 18:04:49,471] {taskinstance.py:1179} INFO - Dependencies all met for <TaskInstance: OpenWeather_ETL2.envio_mail manual__2023-12-27T17:54:20.503605+00:00 [queued]>
[2023-12-27 18:04:49,510] {taskinstance.py:1179} INFO - Dependencies all met for <TaskInstance: OpenWeather_ETL2.envio_mail manual__2023-12-27T17:54:20.503605+00:00 [queued]>
[2023-12-27 18:04:49,511] {taskinstance.py:1376} INFO - 
--------------------------------------------------------------------------------
[2023-12-27 18:04:49,512] {taskinstance.py:1377} INFO - Starting attempt 3 of 6
[2023-12-27 18:04:49,512] {taskinstance.py:1378} INFO - 
--------------------------------------------------------------------------------
[2023-12-27 18:04:49,554] {taskinstance.py:1397} INFO - Executing <Task(PythonOperator): envio_mail> on 2023-12-27 17:54:20.503605+00:00
[2023-12-27 18:04:49,565] {standard_task_runner.py:52} INFO - Started process 13713 to run task
[2023-12-27 18:04:49,577] {standard_task_runner.py:79} INFO - Running: ['***', 'tasks', 'run', 'OpenWeather_ETL2', 'envio_mail', 'manual__2023-12-27T17:54:20.503605+00:00', '--job-id', '103', '--raw', '--subdir', 'DAGS_FOLDER/ETL_OpenWeather2.py', '--cfg-path', '/tmp/tmpxntqqmra', '--error-file', '/tmp/tmpleh_q8qa']
[2023-12-27 18:04:49,582] {standard_task_runner.py:80} INFO - Job 103: Subtask envio_mail
[2023-12-27 18:04:49,766] {task_command.py:371} INFO - Running <TaskInstance: OpenWeather_ETL2.envio_mail manual__2023-12-27T17:54:20.503605+00:00 [running]> on host 44a36bef83ad
[2023-12-27 18:04:49,968] {taskinstance.py:1591} INFO - Exporting the following env vars:
AIRFLOW_CTX_DAG_OWNER=Furtado_Julio
AIRFLOW_CTX_DAG_ID=OpenWeather_ETL2
AIRFLOW_CTX_TASK_ID=envio_mail
AIRFLOW_CTX_EXECUTION_DATE=2023-12-27T17:54:20.503605+00:00
AIRFLOW_CTX_TRY_NUMBER=3
AIRFLOW_CTX_DAG_RUN_ID=manual__2023-12-27T17:54:20.503605+00:00
[2023-12-27 18:04:49,994] {python.py:173} INFO - Done. Returned value was: None
[2023-12-27 18:04:50,026] {taskinstance.py:1420} INFO - Marking task as SUCCESS. dag_id=OpenWeather_ETL2, task_id=envio_mail, execution_date=20231227T175420, start_date=20231227T180449, end_date=20231227T180450
[2023-12-27 18:04:50,067] {local_task_job.py:156} INFO - Task exited with return code 0
[2023-12-27 18:04:50,159] {local_task_job.py:273} INFO - 0 downstream tasks scheduled from follow-on schedule check
