[2023-12-27 16:30:11,275] {taskinstance.py:1179} INFO - Dependencies all met for <TaskInstance: OpenWeather_ETL2.envio_mail manual__2023-12-27T16:19:37.576458+00:00 [queued]>
[2023-12-27 16:30:11,328] {taskinstance.py:1179} INFO - Dependencies all met for <TaskInstance: OpenWeather_ETL2.envio_mail manual__2023-12-27T16:19:37.576458+00:00 [queued]>
[2023-12-27 16:30:11,329] {taskinstance.py:1376} INFO - 
--------------------------------------------------------------------------------
[2023-12-27 16:30:11,331] {taskinstance.py:1377} INFO - Starting attempt 1 of 6
[2023-12-27 16:30:11,334] {taskinstance.py:1378} INFO - 
--------------------------------------------------------------------------------
[2023-12-27 16:30:11,397] {taskinstance.py:1397} INFO - Executing <Task(PythonOperator): envio_mail> on 2023-12-27 16:19:37.576458+00:00
[2023-12-27 16:30:11,409] {standard_task_runner.py:52} INFO - Started process 7790 to run task
[2023-12-27 16:30:11,421] {standard_task_runner.py:79} INFO - Running: ['***', 'tasks', 'run', 'OpenWeather_ETL2', 'envio_mail', 'manual__2023-12-27T16:19:37.576458+00:00', '--job-id', '96', '--raw', '--subdir', 'DAGS_FOLDER/ETL_OpenWeather2.py', '--cfg-path', '/tmp/tmp_szt5j52', '--error-file', '/tmp/tmpbzqplshr']
[2023-12-27 16:30:11,425] {standard_task_runner.py:80} INFO - Job 96: Subtask envio_mail
[2023-12-27 16:30:11,608] {task_command.py:371} INFO - Running <TaskInstance: OpenWeather_ETL2.envio_mail manual__2023-12-27T16:19:37.576458+00:00 [running]> on host 44a36bef83ad
[2023-12-27 16:30:11,762] {taskinstance.py:1591} INFO - Exporting the following env vars:
AIRFLOW_CTX_DAG_OWNER=Furtado_Julio
AIRFLOW_CTX_DAG_ID=OpenWeather_ETL2
AIRFLOW_CTX_TASK_ID=envio_mail
AIRFLOW_CTX_EXECUTION_DATE=2023-12-27T16:19:37.576458+00:00
AIRFLOW_CTX_TRY_NUMBER=1
AIRFLOW_CTX_DAG_RUN_ID=manual__2023-12-27T16:19:37.576458+00:00
[2023-12-27 16:30:14,460] {logging_mixin.py:115} INFO - Exito
[2023-12-27 16:30:14,463] {python.py:173} INFO - Done. Returned value was: None
[2023-12-27 16:30:14,533] {taskinstance.py:1420} INFO - Marking task as SUCCESS. dag_id=OpenWeather_ETL2, task_id=envio_mail, execution_date=20231227T161937, start_date=20231227T163011, end_date=20231227T163014
[2023-12-27 16:30:14,577] {local_task_job.py:156} INFO - Task exited with return code 0
[2023-12-27 16:30:14,641] {local_task_job.py:273} INFO - 0 downstream tasks scheduled from follow-on schedule check
