[2023-12-12 04:00:37,481] {manager.py:480} INFO - Processing files using up to 2 processes at a time 
[2023-12-12 04:00:37,483] {manager.py:481} INFO - Process each file at most once every 10 seconds
[2023-12-12 04:00:37,485] {manager.py:483} INFO - Checking for new files in /opt/airflow/dags every 300 seconds
[2023-12-12 04:00:37,486] {manager.py:690} INFO - Searching for files in /opt/airflow/dags
[2023-12-12 04:00:37,592] {manager.py:693} INFO - There are 1 files in /opt/airflow/dags
[2023-12-12 04:00:37,925] {manager.py:809} INFO - 
================================================================================
DAG File Processing Stats

File Path                               PID  Runtime      # DAGs    # Errors  Last Runtime    Last Run
------------------------------------  -----  ---------  --------  ----------  --------------  ----------
/opt/airflow/dags/ETL_OpenWeather.py    169  0.07s             0           0
================================================================================
[2023-12-12 04:01:07,992] {manager.py:809} INFO - 
================================================================================
DAG File Processing Stats

File Path                             PID    Runtime      # DAGs    # Errors  Last Runtime    Last Run
------------------------------------  -----  ---------  --------  ----------  --------------  -------------------
/opt/airflow/dags/ETL_OpenWeather.py                           1           0  3.35s           2023-12-12T04:00:58
================================================================================
[2023-12-12 04:01:38,331] {manager.py:809} INFO - 
================================================================================
DAG File Processing Stats

File Path                             PID    Runtime      # DAGs    # Errors  Last Runtime    Last Run
------------------------------------  -----  ---------  --------  ----------  --------------  -------------------
/opt/airflow/dags/ETL_OpenWeather.py                           1           0  1.18s           2023-12-12T04:01:35
================================================================================
[2023-12-12 04:02:08,572] {manager.py:809} INFO - 
================================================================================
DAG File Processing Stats

File Path                               PID  Runtime      # DAGs    # Errors  Last Runtime    Last Run
------------------------------------  -----  ---------  --------  ----------  --------------  -------------------
/opt/airflow/dags/ETL_OpenWeather.py    211  0.01s             1           0  1.54s           2023-12-12T04:01:58
================================================================================
[2023-12-12 04:02:38,612] {manager.py:809} INFO - 
================================================================================
DAG File Processing Stats

File Path                             PID    Runtime      # DAGs    # Errors  Last Runtime    Last Run
------------------------------------  -----  ---------  --------  ----------  --------------  -------------------
/opt/airflow/dags/ETL_OpenWeather.py                           1           0  1.15s           2023-12-12T04:02:32
================================================================================
[2023-12-12 04:03:09,287] {manager.py:809} INFO - 
================================================================================
DAG File Processing Stats

File Path                             PID    Runtime      # DAGs    # Errors  Last Runtime    Last Run
------------------------------------  -----  ---------  --------  ----------  --------------  -------------------
/opt/airflow/dags/ETL_OpenWeather.py                           1           0  1.26s           2023-12-12T04:03:06
================================================================================
[2023-12-12 04:03:39,334] {manager.py:809} INFO - 
================================================================================
DAG File Processing Stats

File Path                               PID  Runtime      # DAGs    # Errors  Last Runtime    Last Run
------------------------------------  -----  ---------  --------  ----------  --------------  -------------------
/opt/airflow/dags/ETL_OpenWeather.py    259  0.01s             1           0  1.30s           2023-12-12T04:03:29
================================================================================
[2023-12-12 04:04:10,137] {manager.py:809} INFO - 
================================================================================
DAG File Processing Stats

File Path                             PID    Runtime      # DAGs    # Errors  Last Runtime    Last Run
------------------------------------  -----  ---------  --------  ----------  --------------  -------------------
/opt/airflow/dags/ETL_OpenWeather.py                           1           0  1.09s           2023-12-12T04:04:03
================================================================================
[2023-12-12 04:04:40,640] {manager.py:809} INFO - 
================================================================================
DAG File Processing Stats

File Path                             PID    Runtime      # DAGs    # Errors  Last Runtime    Last Run
------------------------------------  -----  ---------  --------  ----------  --------------  -------------------
/opt/airflow/dags/ETL_OpenWeather.py                           1           0  1.07s           2023-12-12T04:04:36
================================================================================
[2023-12-12 04:05:10,900] {manager.py:809} INFO - 
================================================================================
DAG File Processing Stats

File Path                             PID    Runtime      # DAGs    # Errors  Last Runtime    Last Run
------------------------------------  -----  ---------  --------  ----------  --------------  -------------------
/opt/airflow/dags/ETL_OpenWeather.py                           1           0  1.11s           2023-12-12T04:05:09
================================================================================
[2023-12-12 04:05:38,131] {manager.py:690} INFO - Searching for files in /opt/airflow/dags
[2023-12-12 04:05:38,179] {manager.py:693} INFO - There are 1 files in /opt/airflow/dags
[2023-12-12 04:05:41,235] {manager.py:809} INFO - 
================================================================================
DAG File Processing Stats

File Path                             PID    Runtime      # DAGs    # Errors  Last Runtime    Last Run
------------------------------------  -----  ---------  --------  ----------  --------------  -------------------
/opt/airflow/dags/ETL_OpenWeather.py                           1           0  1.03s           2023-12-12T04:05:32
================================================================================
[2023-12-12 04:06:11,430] {manager.py:809} INFO - 
================================================================================
DAG File Processing Stats

File Path                             PID    Runtime      # DAGs    # Errors  Last Runtime    Last Run
------------------------------------  -----  ---------  --------  ----------  --------------  -------------------
/opt/airflow/dags/ETL_OpenWeather.py                           1           0  0.93s           2023-12-12T04:06:05
================================================================================
[2023-12-12 04:06:41,441] {manager.py:809} INFO - 
================================================================================
DAG File Processing Stats

File Path                             PID    Runtime      # DAGs    # Errors  Last Runtime    Last Run
------------------------------------  -----  ---------  --------  ----------  --------------  -------------------
/opt/airflow/dags/ETL_OpenWeather.py                           1           0  1.45s           2023-12-12T04:06:40
================================================================================
[2023-12-12 04:07:11,959] {manager.py:809} INFO - 
================================================================================
DAG File Processing Stats

File Path                             PID    Runtime      # DAGs    # Errors  Last Runtime    Last Run
------------------------------------  -----  ---------  --------  ----------  --------------  -------------------
/opt/airflow/dags/ETL_OpenWeather.py                           1           0  1.98s           2023-12-12T04:07:08
================================================================================
[2023-12-12 04:07:42,025] {manager.py:809} INFO - 
================================================================================
DAG File Processing Stats

File Path                             PID    Runtime      # DAGs    # Errors  Last Runtime    Last Run
------------------------------------  -----  ---------  --------  ----------  --------------  -------------------
/opt/airflow/dags/ETL_OpenWeather.py                           1           0  1.38s           2023-12-12T04:07:33
================================================================================
[2023-12-12 04:08:12,580] {manager.py:809} INFO - 
================================================================================
DAG File Processing Stats

File Path                             PID    Runtime      # DAGs    # Errors  Last Runtime    Last Run
------------------------------------  -----  ---------  --------  ----------  --------------  -------------------
/opt/airflow/dags/ETL_OpenWeather.py                           1           0  1.85s           2023-12-12T04:08:08
================================================================================
[2023-12-12 04:08:42,620] {manager.py:809} INFO - 
================================================================================
DAG File Processing Stats

File Path                               PID  Runtime      # DAGs    # Errors  Last Runtime    Last Run
------------------------------------  -----  ---------  --------  ----------  --------------  -------------------
/opt/airflow/dags/ETL_OpenWeather.py    415  0.01s             1           0  1.96s           2023-12-12T04:08:32
================================================================================
[2023-12-12 04:09:12,929] {manager.py:809} INFO - 
================================================================================
DAG File Processing Stats

File Path                             PID    Runtime      # DAGs    # Errors  Last Runtime    Last Run
------------------------------------  -----  ---------  --------  ----------  --------------  -------------------
/opt/airflow/dags/ETL_OpenWeather.py                           1           0  1.85s           2023-12-12T04:09:09
================================================================================
[2023-12-12 04:09:43,246] {manager.py:809} INFO - 
================================================================================
DAG File Processing Stats

File Path                             PID    Runtime      # DAGs    # Errors  Last Runtime    Last Run
------------------------------------  -----  ---------  --------  ----------  --------------  -------------------
/opt/airflow/dags/ETL_OpenWeather.py                           1           0  2.19s           2023-12-12T04:09:33
================================================================================
[2023-12-12 04:10:13,842] {manager.py:809} INFO - 
================================================================================
DAG File Processing Stats

File Path                             PID    Runtime      # DAGs    # Errors  Last Runtime    Last Run
------------------------------------  -----  ---------  --------  ----------  --------------  -------------------
/opt/airflow/dags/ETL_OpenWeather.py                           1           0  5.26s           2023-12-12T04:10:10
================================================================================
[2023-12-12 04:10:38,249] {manager.py:690} INFO - Searching for files in /opt/airflow/dags
[2023-12-12 04:10:38,629] {manager.py:693} INFO - There are 1 files in /opt/airflow/dags
[2023-12-12 04:10:43,910] {manager.py:809} INFO - 
================================================================================
DAG File Processing Stats

File Path                             PID    Runtime      # DAGs    # Errors  Last Runtime    Last Run
------------------------------------  -----  ---------  --------  ----------  --------------  -------------------
/opt/airflow/dags/ETL_OpenWeather.py                           1           0  2.18s           2023-12-12T04:10:35
================================================================================
[2023-12-12 04:11:14,121] {manager.py:809} INFO - 
================================================================================
DAG File Processing Stats

File Path                             PID    Runtime      # DAGs    # Errors  Last Runtime    Last Run
------------------------------------  -----  ---------  --------  ----------  --------------  -------------------
/opt/airflow/dags/ETL_OpenWeather.py                           1           0  2.14s           2023-12-12T04:11:12
================================================================================
[2023-12-12 04:11:44,408] {manager.py:809} INFO - 
================================================================================
DAG File Processing Stats

File Path                             PID    Runtime      # DAGs    # Errors  Last Runtime    Last Run
------------------------------------  -----  ---------  --------  ----------  --------------  -------------------
/opt/airflow/dags/ETL_OpenWeather.py                           1           0  1.70s           2023-12-12T04:11:35
================================================================================
[2023-12-12 04:12:14,777] {manager.py:809} INFO - 
================================================================================
DAG File Processing Stats

File Path                               PID  Runtime      # DAGs    # Errors  Last Runtime    Last Run
------------------------------------  -----  ---------  --------  ----------  --------------  -------------------
/opt/airflow/dags/ETL_OpenWeather.py    535  2.04s             1           0  2.03s           2023-12-12T04:12:02
================================================================================
[2023-12-12 04:12:45,018] {manager.py:809} INFO - 
================================================================================
DAG File Processing Stats

File Path                             PID    Runtime      # DAGs    # Errors  Last Runtime    Last Run
------------------------------------  -----  ---------  --------  ----------  --------------  -------------------
/opt/airflow/dags/ETL_OpenWeather.py                           1           0  1.39s           2023-12-12T04:12:37
================================================================================
[2023-12-12 04:13:05,923] {manager.py:462} INFO - Exiting gracefully upon receiving signal 15
