[2023-12-27 18:20:47,855] {taskinstance.py:1179} INFO - Dependencies all met for <TaskInstance: OpenWeather_ETL2.envio_mail manual__2023-12-27T18:20:23.365777+00:00 [queued]>
[2023-12-27 18:20:47,894] {taskinstance.py:1179} INFO - Dependencies all met for <TaskInstance: OpenWeather_ETL2.envio_mail manual__2023-12-27T18:20:23.365777+00:00 [queued]>
[2023-12-27 18:20:47,896] {taskinstance.py:1376} INFO - 
--------------------------------------------------------------------------------
[2023-12-27 18:20:47,897] {taskinstance.py:1377} INFO - Starting attempt 1 of 6
[2023-12-27 18:20:47,898] {taskinstance.py:1378} INFO - 
--------------------------------------------------------------------------------
[2023-12-27 18:20:47,953] {taskinstance.py:1397} INFO - Executing <Task(PythonOperator): envio_mail> on 2023-12-27 18:20:23.365777+00:00
[2023-12-27 18:20:47,970] {standard_task_runner.py:52} INFO - Started process 14726 to run task
[2023-12-27 18:20:47,983] {standard_task_runner.py:79} INFO - Running: ['***', 'tasks', 'run', 'OpenWeather_ETL2', 'envio_mail', 'manual__2023-12-27T18:20:23.365777+00:00', '--job-id', '128', '--raw', '--subdir', 'DAGS_FOLDER/ETL_OpenWeather2.py', '--cfg-path', '/tmp/tmp3v5ylov5', '--error-file', '/tmp/tmp551jnl46']
[2023-12-27 18:20:47,988] {standard_task_runner.py:80} INFO - Job 128: Subtask envio_mail
[2023-12-27 18:20:48,172] {task_command.py:371} INFO - Running <TaskInstance: OpenWeather_ETL2.envio_mail manual__2023-12-27T18:20:23.365777+00:00 [running]> on host 44a36bef83ad
[2023-12-27 18:20:48,475] {taskinstance.py:1591} INFO - Exporting the following env vars:
AIRFLOW_CTX_DAG_OWNER=Furtado_Julio
AIRFLOW_CTX_DAG_ID=OpenWeather_ETL2
AIRFLOW_CTX_TASK_ID=envio_mail
AIRFLOW_CTX_EXECUTION_DATE=2023-12-27T18:20:23.365777+00:00
AIRFLOW_CTX_TRY_NUMBER=1
AIRFLOW_CTX_DAG_RUN_ID=manual__2023-12-27T18:20:23.365777+00:00
[2023-12-27 18:20:51,610] {logging_mixin.py:115} INFO - Exito
[2023-12-27 18:20:51,612] {python.py:173} INFO - Done. Returned value was: None
[2023-12-27 18:20:51,702] {taskinstance.py:1420} INFO - Marking task as SUCCESS. dag_id=OpenWeather_ETL2, task_id=envio_mail, execution_date=20231227T182023, start_date=20231227T182047, end_date=20231227T182051
[2023-12-27 18:20:51,781] {local_task_job.py:156} INFO - Task exited with return code 0
[2023-12-27 18:20:51,905] {local_task_job.py:273} INFO - 0 downstream tasks scheduled from follow-on schedule check
