[2023-12-27 17:54:38,081] {taskinstance.py:1179} INFO - Dependencies all met for <TaskInstance: OpenWeather_ETL2.cargar_data manual__2023-12-27T17:54:20.503605+00:00 [queued]>
[2023-12-27 17:54:38,135] {taskinstance.py:1179} INFO - Dependencies all met for <TaskInstance: OpenWeather_ETL2.cargar_data manual__2023-12-27T17:54:20.503605+00:00 [queued]>
[2023-12-27 17:54:38,136] {taskinstance.py:1376} INFO - 
--------------------------------------------------------------------------------
[2023-12-27 17:54:38,137] {taskinstance.py:1377} INFO - Starting attempt 1 of 6
[2023-12-27 17:54:38,138] {taskinstance.py:1378} INFO - 
--------------------------------------------------------------------------------
[2023-12-27 17:54:38,208] {taskinstance.py:1397} INFO - Executing <Task(PythonOperator): cargar_data> on 2023-12-27 17:54:20.503605+00:00
[2023-12-27 17:54:38,247] {standard_task_runner.py:52} INFO - Started process 13080 to run task
[2023-12-27 17:54:38,267] {standard_task_runner.py:79} INFO - Running: ['***', 'tasks', 'run', 'OpenWeather_ETL2', 'cargar_data', 'manual__2023-12-27T17:54:20.503605+00:00', '--job-id', '100', '--raw', '--subdir', 'DAGS_FOLDER/ETL_OpenWeather2.py', '--cfg-path', '/tmp/tmpajp69flp', '--error-file', '/tmp/tmpi8y20lvn']
[2023-12-27 17:54:38,271] {standard_task_runner.py:80} INFO - Job 100: Subtask cargar_data
[2023-12-27 17:54:38,583] {task_command.py:371} INFO - Running <TaskInstance: OpenWeather_ETL2.cargar_data manual__2023-12-27T17:54:20.503605+00:00 [running]> on host 44a36bef83ad
[2023-12-27 17:54:38,726] {logging_mixin.py:115} WARNING - /home/***/.local/lib/python3.7/site-packages/***/utils/context.py:202 AirflowContextDeprecationWarning: Accessing 'execution_date' from the template is deprecated and will be removed in a future version. Please use 'data_interval_start' or 'logical_date' instead.
[2023-12-27 17:54:38,862] {taskinstance.py:1591} INFO - Exporting the following env vars:
AIRFLOW_CTX_DAG_OWNER=Furtado_Julio
AIRFLOW_CTX_DAG_ID=OpenWeather_ETL2
AIRFLOW_CTX_TASK_ID=cargar_data
AIRFLOW_CTX_EXECUTION_DATE=2023-12-27T17:54:20.503605+00:00
AIRFLOW_CTX_TRY_NUMBER=1
AIRFLOW_CTX_DAG_RUN_ID=manual__2023-12-27T17:54:20.503605+00:00
[2023-12-27 17:54:38,866] {logging_mixin.py:115} INFO - Cargando la data para la fecha: 2023-12-27 17
[2023-12-27 17:54:38,911] {logging_mixin.py:115} INFO - (1, 18)
[2023-12-27 17:54:38,978] {logging_mixin.py:115} INFO -                     dt          name  ...         sunrise_time          sunset_time
0  2023-12-27 14:51:45  Buenos Aires  ...  2023-12-27 05:40:26  2023-12-27 20:08:14

[1 rows x 18 columns]
[2023-12-27 17:54:41,087] {logging_mixin.py:115} INFO - Carga completada en Redshift!
[2023-12-27 17:54:41,089] {python.py:173} INFO - Done. Returned value was: None
[2023-12-27 17:54:41,142] {taskinstance.py:1420} INFO - Marking task as SUCCESS. dag_id=OpenWeather_ETL2, task_id=cargar_data, execution_date=20231227T175420, start_date=20231227T175438, end_date=20231227T175441
[2023-12-27 17:54:41,216] {local_task_job.py:156} INFO - Task exited with return code 0
[2023-12-27 17:54:41,304] {local_task_job.py:273} INFO - 1 downstream tasks scheduled from follow-on schedule check
