[2023-12-27 18:17:31,192] {taskinstance.py:1179} INFO - Dependencies all met for <TaskInstance: OpenWeather_ETL2.envio_mail manual__2023-12-27T18:17:05.006773+00:00 [queued]>
[2023-12-27 18:17:31,215] {taskinstance.py:1179} INFO - Dependencies all met for <TaskInstance: OpenWeather_ETL2.envio_mail manual__2023-12-27T18:17:05.006773+00:00 [queued]>
[2023-12-27 18:17:31,216] {taskinstance.py:1376} INFO - 
--------------------------------------------------------------------------------
[2023-12-27 18:17:31,217] {taskinstance.py:1377} INFO - Starting attempt 1 of 6
[2023-12-27 18:17:31,218] {taskinstance.py:1378} INFO - 
--------------------------------------------------------------------------------
[2023-12-27 18:17:31,251] {taskinstance.py:1397} INFO - Executing <Task(PythonOperator): envio_mail> on 2023-12-27 18:17:05.006773+00:00
[2023-12-27 18:17:31,262] {standard_task_runner.py:52} INFO - Started process 14531 to run task
[2023-12-27 18:17:31,271] {standard_task_runner.py:79} INFO - Running: ['***', 'tasks', 'run', 'OpenWeather_ETL2', 'envio_mail', 'manual__2023-12-27T18:17:05.006773+00:00', '--job-id', '123', '--raw', '--subdir', 'DAGS_FOLDER/ETL_OpenWeather2.py', '--cfg-path', '/tmp/tmpc3h8fjsk', '--error-file', '/tmp/tmp8_cjvdec']
[2023-12-27 18:17:31,275] {standard_task_runner.py:80} INFO - Job 123: Subtask envio_mail
[2023-12-27 18:17:31,446] {task_command.py:371} INFO - Running <TaskInstance: OpenWeather_ETL2.envio_mail manual__2023-12-27T18:17:05.006773+00:00 [running]> on host 44a36bef83ad
[2023-12-27 18:17:31,641] {taskinstance.py:1591} INFO - Exporting the following env vars:
AIRFLOW_CTX_DAG_OWNER=Furtado_Julio
AIRFLOW_CTX_DAG_ID=OpenWeather_ETL2
AIRFLOW_CTX_TASK_ID=envio_mail
AIRFLOW_CTX_EXECUTION_DATE=2023-12-27T18:17:05.006773+00:00
AIRFLOW_CTX_TRY_NUMBER=1
AIRFLOW_CTX_DAG_RUN_ID=manual__2023-12-27T18:17:05.006773+00:00
[2023-12-27 18:17:34,777] {logging_mixin.py:115} INFO - Exito
[2023-12-27 18:17:34,779] {python.py:173} INFO - Done. Returned value was: None
[2023-12-27 18:17:34,827] {taskinstance.py:1420} INFO - Marking task as SUCCESS. dag_id=OpenWeather_ETL2, task_id=envio_mail, execution_date=20231227T181705, start_date=20231227T181731, end_date=20231227T181734
[2023-12-27 18:17:34,867] {local_task_job.py:156} INFO - Task exited with return code 0
[2023-12-27 18:17:34,946] {local_task_job.py:273} INFO - 0 downstream tasks scheduled from follow-on schedule check
