[2023-12-27 18:09:40,664] {taskinstance.py:1179} INFO - Dependencies all met for <TaskInstance: OpenWeather_ETL2.envio_mail manual__2023-12-27T18:09:13.457758+00:00 [queued]>
[2023-12-27 18:09:40,711] {taskinstance.py:1179} INFO - Dependencies all met for <TaskInstance: OpenWeather_ETL2.envio_mail manual__2023-12-27T18:09:13.457758+00:00 [queued]>
[2023-12-27 18:09:40,712] {taskinstance.py:1376} INFO - 
--------------------------------------------------------------------------------
[2023-12-27 18:09:40,713] {taskinstance.py:1377} INFO - Starting attempt 1 of 6
[2023-12-27 18:09:40,717] {taskinstance.py:1378} INFO - 
--------------------------------------------------------------------------------
[2023-12-27 18:09:40,777] {taskinstance.py:1397} INFO - Executing <Task(PythonOperator): envio_mail> on 2023-12-27 18:09:13.457758+00:00
[2023-12-27 18:09:40,808] {standard_task_runner.py:52} INFO - Started process 14036 to run task
[2023-12-27 18:09:40,820] {standard_task_runner.py:79} INFO - Running: ['***', 'tasks', 'run', 'OpenWeather_ETL2', 'envio_mail', 'manual__2023-12-27T18:09:13.457758+00:00', '--job-id', '108', '--raw', '--subdir', 'DAGS_FOLDER/ETL_OpenWeather2.py', '--cfg-path', '/tmp/tmptnofzsh9', '--error-file', '/tmp/tmp2409fywd']
[2023-12-27 18:09:40,826] {standard_task_runner.py:80} INFO - Job 108: Subtask envio_mail
[2023-12-27 18:09:41,043] {task_command.py:371} INFO - Running <TaskInstance: OpenWeather_ETL2.envio_mail manual__2023-12-27T18:09:13.457758+00:00 [running]> on host 44a36bef83ad
[2023-12-27 18:09:41,305] {taskinstance.py:1591} INFO - Exporting the following env vars:
AIRFLOW_CTX_DAG_OWNER=Furtado_Julio
AIRFLOW_CTX_DAG_ID=OpenWeather_ETL2
AIRFLOW_CTX_TASK_ID=envio_mail
AIRFLOW_CTX_EXECUTION_DATE=2023-12-27T18:09:13.457758+00:00
AIRFLOW_CTX_TRY_NUMBER=1
AIRFLOW_CTX_DAG_RUN_ID=manual__2023-12-27T18:09:13.457758+00:00
[2023-12-27 18:09:41,342] {python.py:173} INFO - Done. Returned value was: None
[2023-12-27 18:09:41,377] {taskinstance.py:1420} INFO - Marking task as SUCCESS. dag_id=OpenWeather_ETL2, task_id=envio_mail, execution_date=20231227T180913, start_date=20231227T180940, end_date=20231227T180941
[2023-12-27 18:09:41,438] {local_task_job.py:156} INFO - Task exited with return code 0
[2023-12-27 18:09:41,581] {local_task_job.py:273} INFO - 0 downstream tasks scheduled from follow-on schedule check
