[2023-12-20 00:36:54,669] {taskinstance.py:1179} INFO - Dependencies all met for <TaskInstance: OpenWeather_ETL.cargar_data scheduled__2023-12-12T00:00:00+00:00 [queued]>
[2023-12-20 00:36:54,766] {taskinstance.py:1179} INFO - Dependencies all met for <TaskInstance: OpenWeather_ETL.cargar_data scheduled__2023-12-12T00:00:00+00:00 [queued]>
[2023-12-20 00:36:54,771] {taskinstance.py:1376} INFO - 
--------------------------------------------------------------------------------
[2023-12-20 00:36:54,776] {taskinstance.py:1377} INFO - Starting attempt 1 of 6
[2023-12-20 00:36:54,777] {taskinstance.py:1378} INFO - 
--------------------------------------------------------------------------------
[2023-12-20 00:36:54,991] {taskinstance.py:1397} INFO - Executing <Task(PythonOperator): cargar_data> on 2023-12-12 00:00:00+00:00
[2023-12-20 00:36:55,100] {standard_task_runner.py:52} INFO - Started process 208 to run task
[2023-12-20 00:36:55,235] {standard_task_runner.py:79} INFO - Running: ['***', 'tasks', 'run', 'OpenWeather_ETL', 'cargar_data', 'scheduled__2023-12-12T00:00:00+00:00', '--job-id', '62', '--raw', '--subdir', 'DAGS_FOLDER/ETL_OpenWeather.py', '--cfg-path', '/tmp/tmp8x59vgiv', '--error-file', '/tmp/tmpz2jlba_t']
[2023-12-20 00:36:55,271] {standard_task_runner.py:80} INFO - Job 62: Subtask cargar_data
[2023-12-20 00:36:56,802] {task_command.py:371} INFO - Running <TaskInstance: OpenWeather_ETL.cargar_data scheduled__2023-12-12T00:00:00+00:00 [running]> on host 44a36bef83ad
[2023-12-20 00:36:57,509] {logging_mixin.py:115} WARNING - /home/***/.local/lib/python3.7/site-packages/***/utils/context.py:202 AirflowContextDeprecationWarning: Accessing 'execution_date' from the template is deprecated and will be removed in a future version. Please use 'data_interval_start' or 'logical_date' instead.
[2023-12-20 00:36:57,964] {taskinstance.py:1591} INFO - Exporting the following env vars:
AIRFLOW_CTX_DAG_OWNER=Furtado_Julio
AIRFLOW_CTX_DAG_ID=OpenWeather_ETL
AIRFLOW_CTX_TASK_ID=cargar_data
AIRFLOW_CTX_EXECUTION_DATE=2023-12-12T00:00:00+00:00
AIRFLOW_CTX_TRY_NUMBER=1
AIRFLOW_CTX_DAG_RUN_ID=scheduled__2023-12-12T00:00:00+00:00
[2023-12-20 00:36:57,995] {logging_mixin.py:115} INFO - Cargando la data para la fecha: 2023-12-12 0
[2023-12-20 00:36:58,254] {logging_mixin.py:115} INFO - (1, 18)
[2023-12-20 00:36:58,592] {logging_mixin.py:115} INFO -                     dt          name  ...         sunrise_time          sunset_time
0  2023-12-19 21:34:33  Buenos Aires  ...  2023-12-19 05:36:19  2023-12-19 20:04:39

[1 rows x 18 columns]
[2023-12-20 00:37:10,050] {logging_mixin.py:115} INFO - Carga completada en Redshift!
[2023-12-20 00:37:10,064] {python.py:173} INFO - Done. Returned value was: None
[2023-12-20 00:37:10,144] {taskinstance.py:1420} INFO - Marking task as SUCCESS. dag_id=OpenWeather_ETL, task_id=cargar_data, execution_date=20231212T000000, start_date=20231220T003654, end_date=20231220T003710
[2023-12-20 00:37:10,230] {local_task_job.py:156} INFO - Task exited with return code 0
[2023-12-20 00:37:10,448] {local_task_job.py:273} INFO - 0 downstream tasks scheduled from follow-on schedule check
