[2023-12-27 14:37:40,136] {taskinstance.py:1179} INFO - Dependencies all met for <TaskInstance: OpenWeather_ETL.cargar_data scheduled__2023-12-26T00:00:00+00:00 [queued]>
[2023-12-27 14:37:40,425] {taskinstance.py:1179} INFO - Dependencies all met for <TaskInstance: OpenWeather_ETL.cargar_data scheduled__2023-12-26T00:00:00+00:00 [queued]>
[2023-12-27 14:37:40,427] {taskinstance.py:1376} INFO - 
--------------------------------------------------------------------------------
[2023-12-27 14:37:40,432] {taskinstance.py:1377} INFO - Starting attempt 1 of 6
[2023-12-27 14:37:40,436] {taskinstance.py:1378} INFO - 
--------------------------------------------------------------------------------
[2023-12-27 14:37:40,575] {taskinstance.py:1397} INFO - Executing <Task(PythonOperator): cargar_data> on 2023-12-26 00:00:00+00:00
[2023-12-27 14:37:40,624] {standard_task_runner.py:52} INFO - Started process 210 to run task
[2023-12-27 14:37:40,729] {standard_task_runner.py:79} INFO - Running: ['***', 'tasks', 'run', 'OpenWeather_ETL', 'cargar_data', 'scheduled__2023-12-26T00:00:00+00:00', '--job-id', '71', '--raw', '--subdir', 'DAGS_FOLDER/ETL_OpenWeather.py', '--cfg-path', '/tmp/tmp1akcj40k', '--error-file', '/tmp/tmpoebmmky2']
[2023-12-27 14:37:40,760] {standard_task_runner.py:80} INFO - Job 71: Subtask cargar_data
[2023-12-27 14:37:41,581] {task_command.py:371} INFO - Running <TaskInstance: OpenWeather_ETL.cargar_data scheduled__2023-12-26T00:00:00+00:00 [running]> on host 44a36bef83ad
[2023-12-27 14:37:42,656] {logging_mixin.py:115} WARNING - /home/***/.local/lib/python3.7/site-packages/***/utils/context.py:202 AirflowContextDeprecationWarning: Accessing 'execution_date' from the template is deprecated and will be removed in a future version. Please use 'data_interval_start' or 'logical_date' instead.
[2023-12-27 14:37:43,145] {taskinstance.py:1591} INFO - Exporting the following env vars:
AIRFLOW_CTX_DAG_OWNER=Furtado_Julio
AIRFLOW_CTX_DAG_ID=OpenWeather_ETL
AIRFLOW_CTX_TASK_ID=cargar_data
AIRFLOW_CTX_EXECUTION_DATE=2023-12-26T00:00:00+00:00
AIRFLOW_CTX_TRY_NUMBER=1
AIRFLOW_CTX_DAG_RUN_ID=scheduled__2023-12-26T00:00:00+00:00
[2023-12-27 14:37:43,165] {logging_mixin.py:115} INFO - Cargando la data para la fecha: 2023-12-26 0
[2023-12-27 14:37:43,317] {logging_mixin.py:115} INFO - (1, 18)
[2023-12-27 14:37:43,539] {logging_mixin.py:115} INFO -                     dt          name  ...         sunrise_time          sunset_time
0  2023-12-27 11:32:20  Buenos Aires  ...  2023-12-27 05:40:26  2023-12-27 20:08:14

[1 rows x 18 columns]
[2023-12-27 14:37:55,449] {logging_mixin.py:115} INFO - Carga completada en Redshift!
[2023-12-27 14:37:55,466] {python.py:173} INFO - Done. Returned value was: None
[2023-12-27 14:37:55,887] {taskinstance.py:1420} INFO - Marking task as SUCCESS. dag_id=OpenWeather_ETL, task_id=cargar_data, execution_date=20231226T000000, start_date=20231227T143740, end_date=20231227T143755
[2023-12-27 14:37:56,171] {local_task_job.py:156} INFO - Task exited with return code 0
[2023-12-27 14:37:56,749] {local_task_job.py:273} INFO - 0 downstream tasks scheduled from follow-on schedule check
