[2023-12-28 14:56:08,761] {taskinstance.py:1179} INFO - Dependencies all met for <TaskInstance: OpenWeather_ETL2.extraer_data scheduled__2023-12-27T00:00:00+00:00 [queued]>
[2023-12-28 14:56:08,794] {taskinstance.py:1179} INFO - Dependencies all met for <TaskInstance: OpenWeather_ETL2.extraer_data scheduled__2023-12-27T00:00:00+00:00 [queued]>
[2023-12-28 14:56:08,795] {taskinstance.py:1376} INFO - 
--------------------------------------------------------------------------------
[2023-12-28 14:56:08,796] {taskinstance.py:1377} INFO - Starting attempt 1 of 6
[2023-12-28 14:56:08,797] {taskinstance.py:1378} INFO - 
--------------------------------------------------------------------------------
[2023-12-28 14:56:08,910] {taskinstance.py:1397} INFO - Executing <Task(PythonOperator): extraer_data> on 2023-12-27 00:00:00+00:00
[2023-12-28 14:56:09,012] {standard_task_runner.py:52} INFO - Started process 1071 to run task
[2023-12-28 14:56:09,052] {standard_task_runner.py:79} INFO - Running: ['***', 'tasks', 'run', 'OpenWeather_ETL2', 'extraer_data', 'scheduled__2023-12-27T00:00:00+00:00', '--job-id', '11', '--raw', '--subdir', 'DAGS_FOLDER/ETL_OpenWeather2.py', '--cfg-path', '/tmp/tmpva3pnhd4', '--error-file', '/tmp/tmpha3k7vti']
[2023-12-28 14:56:09,110] {standard_task_runner.py:80} INFO - Job 11: Subtask extraer_data
[2023-12-28 14:56:10,383] {task_command.py:371} INFO - Running <TaskInstance: OpenWeather_ETL2.extraer_data scheduled__2023-12-27T00:00:00+00:00 [running]> on host 98dcb739da71
[2023-12-28 14:56:11,016] {logging_mixin.py:115} WARNING - /home/***/.local/lib/python3.7/site-packages/***/utils/context.py:202 AirflowContextDeprecationWarning: Accessing 'execution_date' from the template is deprecated and will be removed in a future version. Please use 'data_interval_start' or 'logical_date' instead.
[2023-12-28 14:56:11,432] {taskinstance.py:1591} INFO - Exporting the following env vars:
AIRFLOW_CTX_DAG_OWNER=Furtado_Julio
AIRFLOW_CTX_DAG_ID=OpenWeather_ETL2
AIRFLOW_CTX_TASK_ID=extraer_data
AIRFLOW_CTX_EXECUTION_DATE=2023-12-27T00:00:00+00:00
AIRFLOW_CTX_TRY_NUMBER=1
AIRFLOW_CTX_DAG_RUN_ID=scheduled__2023-12-27T00:00:00+00:00
[2023-12-28 14:56:11,452] {logging_mixin.py:115} INFO - Adquiriendo data para la fecha: 2023-12-27 0
[2023-12-28 14:56:13,039] {logging_mixin.py:115} INFO - Datos adquiridos!
[2023-12-28 14:56:13,067] {python.py:173} INFO - Done. Returned value was: None
[2023-12-28 14:56:13,136] {taskinstance.py:1420} INFO - Marking task as SUCCESS. dag_id=OpenWeather_ETL2, task_id=extraer_data, execution_date=20231227T000000, start_date=20231228T145608, end_date=20231228T145613
[2023-12-28 14:56:13,217] {local_task_job.py:156} INFO - Task exited with return code 0
[2023-12-28 14:56:13,455] {local_task_job.py:273} INFO - 1 downstream tasks scheduled from follow-on schedule check
