[2023-12-27 18:15:58,594] {taskinstance.py:1179} INFO - Dependencies all met for <TaskInstance: OpenWeather_ETL2.cargar_data manual__2023-12-27T18:15:41.747249+00:00 [queued]>
[2023-12-27 18:15:58,668] {taskinstance.py:1179} INFO - Dependencies all met for <TaskInstance: OpenWeather_ETL2.cargar_data manual__2023-12-27T18:15:41.747249+00:00 [queued]>
[2023-12-27 18:15:58,670] {taskinstance.py:1376} INFO - 
--------------------------------------------------------------------------------
[2023-12-27 18:15:58,671] {taskinstance.py:1377} INFO - Starting attempt 1 of 6
[2023-12-27 18:15:58,672] {taskinstance.py:1378} INFO - 
--------------------------------------------------------------------------------
[2023-12-27 18:15:58,739] {taskinstance.py:1397} INFO - Executing <Task(PythonOperator): cargar_data> on 2023-12-27 18:15:41.747249+00:00
[2023-12-27 18:15:58,757] {standard_task_runner.py:52} INFO - Started process 14427 to run task
[2023-12-27 18:15:58,773] {standard_task_runner.py:79} INFO - Running: ['***', 'tasks', 'run', 'OpenWeather_ETL2', 'cargar_data', 'manual__2023-12-27T18:15:41.747249+00:00', '--job-id', '117', '--raw', '--subdir', 'DAGS_FOLDER/ETL_OpenWeather2.py', '--cfg-path', '/tmp/tmpfbx402_k', '--error-file', '/tmp/tmpqbavux09']
[2023-12-27 18:15:58,779] {standard_task_runner.py:80} INFO - Job 117: Subtask cargar_data
[2023-12-27 18:15:59,006] {task_command.py:371} INFO - Running <TaskInstance: OpenWeather_ETL2.cargar_data manual__2023-12-27T18:15:41.747249+00:00 [running]> on host 44a36bef83ad
[2023-12-27 18:15:59,166] {logging_mixin.py:115} WARNING - /home/***/.local/lib/python3.7/site-packages/***/utils/context.py:202 AirflowContextDeprecationWarning: Accessing 'execution_date' from the template is deprecated and will be removed in a future version. Please use 'data_interval_start' or 'logical_date' instead.
[2023-12-27 18:15:59,303] {taskinstance.py:1591} INFO - Exporting the following env vars:
AIRFLOW_CTX_DAG_OWNER=Furtado_Julio
AIRFLOW_CTX_DAG_ID=OpenWeather_ETL2
AIRFLOW_CTX_TASK_ID=cargar_data
AIRFLOW_CTX_EXECUTION_DATE=2023-12-27T18:15:41.747249+00:00
AIRFLOW_CTX_TRY_NUMBER=1
AIRFLOW_CTX_DAG_RUN_ID=manual__2023-12-27T18:15:41.747249+00:00
[2023-12-27 18:15:59,306] {logging_mixin.py:115} INFO - Cargando la data para la fecha: 2023-12-27 18
[2023-12-27 18:15:59,404] {logging_mixin.py:115} INFO - (1, 18)
[2023-12-27 18:15:59,494] {logging_mixin.py:115} INFO -                     dt          name  ...         sunrise_time          sunset_time
0  2023-12-27 15:05:00  Buenos Aires  ...  2023-12-27 05:40:26  2023-12-27 20:08:14

[1 rows x 18 columns]
[2023-12-27 18:16:01,729] {logging_mixin.py:115} INFO - Carga completada en Redshift!
[2023-12-27 18:16:01,731] {python.py:173} INFO - Done. Returned value was: None
[2023-12-27 18:16:01,778] {taskinstance.py:1420} INFO - Marking task as SUCCESS. dag_id=OpenWeather_ETL2, task_id=cargar_data, execution_date=20231227T181541, start_date=20231227T181558, end_date=20231227T181601
[2023-12-27 18:16:01,847] {local_task_job.py:156} INFO - Task exited with return code 0
[2023-12-27 18:16:01,938] {local_task_job.py:273} INFO - 1 downstream tasks scheduled from follow-on schedule check
