[2023-12-27 18:22:42,030] {taskinstance.py:1179} INFO - Dependencies all met for <TaskInstance: OpenWeather_ETL2.envio_mail manual__2023-12-27T18:22:21.691707+00:00 [queued]>
[2023-12-27 18:22:42,059] {taskinstance.py:1179} INFO - Dependencies all met for <TaskInstance: OpenWeather_ETL2.envio_mail manual__2023-12-27T18:22:21.691707+00:00 [queued]>
[2023-12-27 18:22:42,060] {taskinstance.py:1376} INFO - 
--------------------------------------------------------------------------------
[2023-12-27 18:22:42,062] {taskinstance.py:1377} INFO - Starting attempt 1 of 6
[2023-12-27 18:22:42,063] {taskinstance.py:1378} INFO - 
--------------------------------------------------------------------------------
[2023-12-27 18:22:42,100] {taskinstance.py:1397} INFO - Executing <Task(PythonOperator): envio_mail> on 2023-12-27 18:22:21.691707+00:00
[2023-12-27 18:22:42,111] {standard_task_runner.py:52} INFO - Started process 14855 to run task
[2023-12-27 18:22:42,118] {standard_task_runner.py:79} INFO - Running: ['***', 'tasks', 'run', 'OpenWeather_ETL2', 'envio_mail', 'manual__2023-12-27T18:22:21.691707+00:00', '--job-id', '133', '--raw', '--subdir', 'DAGS_FOLDER/ETL_OpenWeather2.py', '--cfg-path', '/tmp/tmp0dvu9fqb', '--error-file', '/tmp/tmpgroq7fwp']
[2023-12-27 18:22:42,122] {standard_task_runner.py:80} INFO - Job 133: Subtask envio_mail
[2023-12-27 18:22:42,364] {task_command.py:371} INFO - Running <TaskInstance: OpenWeather_ETL2.envio_mail manual__2023-12-27T18:22:21.691707+00:00 [running]> on host 44a36bef83ad
[2023-12-27 18:22:42,596] {taskinstance.py:1591} INFO - Exporting the following env vars:
AIRFLOW_CTX_DAG_OWNER=Furtado_Julio
AIRFLOW_CTX_DAG_ID=OpenWeather_ETL2
AIRFLOW_CTX_TASK_ID=envio_mail
AIRFLOW_CTX_EXECUTION_DATE=2023-12-27T18:22:21.691707+00:00
AIRFLOW_CTX_TRY_NUMBER=1
AIRFLOW_CTX_DAG_RUN_ID=manual__2023-12-27T18:22:21.691707+00:00
[2023-12-27 18:22:42,625] {logging_mixin.py:115} INFO - valor recibido: None
[2023-12-27 18:22:45,150] {logging_mixin.py:115} INFO - Exito
[2023-12-27 18:22:45,173] {python.py:173} INFO - Done. Returned value was: None
[2023-12-27 18:22:45,282] {taskinstance.py:1420} INFO - Marking task as SUCCESS. dag_id=OpenWeather_ETL2, task_id=envio_mail, execution_date=20231227T182221, start_date=20231227T182242, end_date=20231227T182245
[2023-12-27 18:22:45,368] {local_task_job.py:156} INFO - Task exited with return code 0
[2023-12-27 18:22:45,453] {local_task_job.py:273} INFO - 0 downstream tasks scheduled from follow-on schedule check
